<?xml version="1.0" encoding="UTF-8"?>
<!-- Generated by org.testng.reporters.JUnitReportReporter -->
<testsuite hostname="DESKTOP-1CCS179" failures="0" tests="2" name="com.ds.testLayer.BuyFunctionality" time="35.052" errors="0" timestamp="2022-11-17T08:29:17 IST" skipped="0">
  <testcase classname="com.ds.testLayer.BuyFunctionality" name="verifyBuyFunctionalityAxis" time="19.353"/>
  <system-out/>
  <testcase classname="com.ds.testLayer.BuyFunctionality" name="verifyBuyFunctionalityWipro" time="15.699"/>
  <system-out/>
</testsuite> <!-- com.ds.testLayer.BuyFunctionality -->
