<?xml version="1.0" encoding="UTF-8"?>
<!-- Generated by org.testng.reporters.JUnitReportReporter -->
<testsuite hostname="DESKTOP-1CCS179" failures="0" tests="1" name="com.ds.testLayer.TransactionsTest" time="22.642" errors="0" timestamp="2022-11-17T09:18:03 IST" skipped="0">
  <testcase classname="com.ds.testLayer.TransactionsTest" name="getTransDetails" time="22.642"/>
  <system-out/>
</testsuite> <!-- com.ds.testLayer.TransactionsTest -->
